<?xml version="1.0" encoding="UTF-8"?>
<coverage generated="1776969898960" clover="3.2.0">
  <project timestamp="1776969898960" name="All files">
    <metrics statements="87" coveredstatements="87" conditionals="39" coveredconditionals="39" methods="16" coveredmethods="16" elements="142" coveredelements="142" complexity="0" loc="87" ncloc="87" packages="2" files="7" classes="7"/>
    <package name="src">
      <metrics statements="33" coveredstatements="33" conditionals="18" coveredconditionals="18" methods="5" coveredmethods="5"/>
      <file name="getAst.js" path="/home/voti/Gendiff-CLI/src/getAst.js">
        <metrics statements="16" coveredstatements="16" conditionals="13" coveredconditionals="13" methods="2" coveredmethods="2"/>
        <line num="3" count="1" type="stmt"/>
        <line num="4" count="22" type="stmt"/>
        <line num="5" count="22" type="stmt"/>
        <line num="7" count="22" type="stmt"/>
        <line num="8" count="82" type="stmt"/>
        <line num="9" count="82" type="stmt"/>
        <line num="11" count="82" type="cond" truecount="2" falsecount="0"/>
        <line num="12" count="12" type="stmt"/>
        <line num="15" count="70" type="cond" truecount="2" falsecount="0"/>
        <line num="16" count="22" type="stmt"/>
        <line num="19" count="48" type="cond" truecount="4" falsecount="0"/>
        <line num="20" count="16" type="stmt"/>
        <line num="23" count="32" type="cond" truecount="5" falsecount="0"/>
        <line num="24" count="18" type="stmt"/>
        <line num="28" count="14" type="stmt"/>
        <line num="30" count="22" type="stmt"/>
      </file>
      <file name="index.js" path="/home/voti/Gendiff-CLI/src/index.js">
        <metrics statements="11" coveredstatements="11" conditionals="1" coveredconditionals="1" methods="2" coveredmethods="2"/>
        <line num="7" count="1" type="stmt"/>
        <line num="8" count="12" type="stmt"/>
        <line num="9" count="12" type="stmt"/>
        <line num="10" count="12" type="stmt"/>
        <line num="11" count="12" type="stmt"/>
        <line num="12" count="12" type="stmt"/>
        <line num="15" count="1" type="cond" truecount="1" falsecount="0"/>
        <line num="16" count="6" type="stmt"/>
        <line num="17" count="6" type="stmt"/>
        <line num="19" count="6" type="stmt"/>
        <line num="21" count="6" type="stmt"/>
      </file>
      <file name="parser.js" path="/home/voti/Gendiff-CLI/src/parser.js">
        <metrics statements="6" coveredstatements="6" conditionals="4" coveredconditionals="4" methods="1" coveredmethods="1"/>
        <line num="3" count="1" type="stmt"/>
        <line num="4" count="14" type="cond" truecount="4" falsecount="0"/>
        <line num="6" count="6" type="stmt"/>
        <line num="8" count="6" type="stmt"/>
        <line num="10" count="1" type="stmt"/>
        <line num="12" count="1" type="stmt"/>
      </file>
    </package>
    <package name="src.formaters">
      <metrics statements="54" coveredstatements="54" conditionals="21" coveredconditionals="21" methods="11" coveredmethods="11"/>
      <file name="index.js" path="/home/voti/Gendiff-CLI/src/formaters/index.js">
        <metrics statements="6" coveredstatements="6" conditionals="4" coveredconditionals="4" methods="1" coveredmethods="1"/>
        <line num="5" count="1" type="stmt"/>
        <line num="6" count="8" type="cond" truecount="4" falsecount="0"/>
        <line num="8" count="4" type="stmt"/>
        <line num="10" count="2" type="stmt"/>
        <line num="12" count="1" type="stmt"/>
        <line num="14" count="1" type="stmt"/>
      </file>
      <file name="json.js" path="/home/voti/Gendiff-CLI/src/formaters/json.js">
        <metrics statements="1" coveredstatements="1" conditionals="0" coveredconditionals="0" methods="1" coveredmethods="1"/>
        <line num="1" count="1" type="stmt"/>
      </file>
      <file name="plain.js" path="/home/voti/Gendiff-CLI/src/formaters/plain.js">
        <metrics statements="19" coveredstatements="19" conditionals="10" coveredconditionals="10" methods="4" coveredmethods="4"/>
        <line num="4" count="1" type="stmt"/>
        <line num="5" count="26" type="cond" truecount="2" falsecount="0"/>
        <line num="6" count="6" type="stmt"/>
        <line num="8" count="20" type="cond" truecount="2" falsecount="0"/>
        <line num="11" count="1" type="stmt"/>
        <line num="12" count="3" type="stmt"/>
        <line num="13" count="11" type="stmt"/>
        <line num="16" count="37" type="stmt"/>
        <line num="18" count="37" type="stmt"/>
        <line num="19" count="37" type="stmt"/>
        <line num="20" count="37" type="cond" truecount="6" falsecount="0"/>
        <line num="22" count="4" type="stmt"/>
        <line num="24" count="10" type="stmt"/>
        <line num="26" count="8" type="stmt"/>
        <line num="28" count="8" type="stmt"/>
        <line num="30" count="6" type="stmt"/>
        <line num="32" count="1" type="stmt"/>
        <line num="35" count="10" type="stmt"/>
        <line num="37" count="3" type="stmt"/>
      </file>
      <file name="staylish.js" path="/home/voti/Gendiff-CLI/src/formaters/staylish.js">
        <metrics statements="28" coveredstatements="28" conditionals="7" coveredconditionals="7" methods="5" coveredmethods="5"/>
        <line num="4" count="1" type="stmt"/>
        <line num="5" count="1" type="stmt"/>
        <line num="6" count="1" type="stmt"/>
        <line num="8" count="1" type="stmt"/>
        <line num="9" count="66" type="cond" truecount="2" falsecount="0"/>
        <line num="10" count="52" type="stmt"/>
        <line num="12" count="14" type="stmt"/>
        <line num="13" count="14" type="stmt"/>
        <line num="14" count="14" type="stmt"/>
        <line num="16" count="14" type="stmt"/>
        <line num="17" count="18" type="stmt"/>
        <line num="19" count="14" type="stmt"/>
        <line num="22" count="1" type="stmt"/>
        <line num="23" count="5" type="stmt"/>
        <line num="24" count="13" type="stmt"/>
        <line num="25" count="13" type="stmt"/>
        <line num="26" count="13" type="stmt"/>
        <line num="28" count="13" type="stmt"/>
        <line num="31" count="47" type="stmt"/>
        <line num="33" count="47" type="cond" truecount="5" falsecount="0"/>
        <line num="35" count="8" type="stmt"/>
        <line num="38" count="12" type="stmt"/>
        <line num="41" count="8" type="stmt"/>
        <line num="44" count="10" type="stmt"/>
        <line num="50" count="8" type="stmt"/>
        <line num="52" count="1" type="stmt"/>
        <line num="54" count="13" type="stmt"/>
        <line num="56" count="5" type="stmt"/>
      </file>
    </package>
  </project>
</coverage>
