{"/home/voti/Gendiff-CLI/src/getAst.js": {"path":"/home/voti/Gendiff-CLI/src/getAst.js","statementMap":{"0":{"start":{"line":3,"column":17},"end":{"line":31,"column":1}},"1":{"start":{"line":4,"column":15},"end":{"line":4,"column":46}},"2":{"start":{"line":5,"column":21},"end":{"line":5,"column":35}},"3":{"start":{"line":7,"column":17},"end":{"line":29,"column":4}},"4":{"start":{"line":8,"column":19},"end":{"line":8,"column":26}},"5":{"start":{"line":9,"column":19},"end":{"line":9,"column":26}},"6":{"start":{"line":11,"column":4},"end":{"line":13,"column":5}},"7":{"start":{"line":12,"column":6},"end":{"line":12,"column":53}},"8":{"start":{"line":15,"column":4},"end":{"line":17,"column":5}},"9":{"start":{"line":16,"column":6},"end":{"line":16,"column":51}},"10":{"start":{"line":19,"column":4},"end":{"line":21,"column":5}},"11":{"start":{"line":20,"column":6},"end":{"line":20,"column":73}},"12":{"start":{"line":23,"column":4},"end":{"line":27,"column":5}},"13":{"start":{"line":24,"column":6},"end":{"line":26,"column":8}},"14":{"start":{"line":28,"column":4},"end":{"line":28,"column":53}},"15":{"start":{"line":30,"column":2},"end":{"line":30,"column":16}}},"fnMap":{"0":{"name":"(anonymous_0)","decl":{"start":{"line":3,"column":17},"end":{"line":3,"column":18}},"loc":{"start":{"line":3,"column":29},"end":{"line":31,"column":1}},"line":3},"1":{"name":"(anonymous_1)","decl":{"start":{"line":7,"column":32},"end":{"line":7,"column":33}},"loc":{"start":{"line":7,"column":41},"end":{"line":29,"column":3}},"line":7}},"branchMap":{"0":{"loc":{"start":{"line":11,"column":4},"end":{"line":13,"column":5}},"type":"if","locations":[{"start":{"line":11,"column":4},"end":{"line":13,"column":5}},{"start":{},"end":{}}],"line":11},"1":{"loc":{"start":{"line":15,"column":4},"end":{"line":17,"column":5}},"type":"if","locations":[{"start":{"line":15,"column":4},"end":{"line":17,"column":5}},{"start":{},"end":{}}],"line":15},"2":{"loc":{"start":{"line":19,"column":4},"end":{"line":21,"column":5}},"type":"if","locations":[{"start":{"line":19,"column":4},"end":{"line":21,"column":5}},{"start":{},"end":{}}],"line":19},"3":{"loc":{"start":{"line":19,"column":8},"end":{"line":19,"column":48}},"type":"binary-expr","locations":[{"start":{"line":19,"column":8},"end":{"line":19,"column":26}},{"start":{"line":19,"column":30},"end":{"line":19,"column":48}}],"line":19},"4":{"loc":{"start":{"line":23,"column":4},"end":{"line":27,"column":5}},"type":"if","locations":[{"start":{"line":23,"column":4},"end":{"line":27,"column":5}},{"start":{},"end":{}}],"line":23},"5":{"loc":{"start":{"line":23,"column":8},"end":{"line":23,"column":63}},"type":"binary-expr","locations":[{"start":{"line":23,"column":8},"end":{"line":23,"column":22}},{"start":{"line":23,"column":26},"end":{"line":23,"column":40}},{"start":{"line":23,"column":45},"end":{"line":23,"column":62}}],"line":23}},"s":{"0":1,"1":22,"2":22,"3":22,"4":82,"5":82,"6":82,"7":12,"8":70,"9":22,"10":48,"11":16,"12":32,"13":18,"14":14,"15":22},"f":{"0":22,"1":82},"b":{"0":[12,70],"1":[22,48],"2":[16,32],"3":[48,20],"4":[18,14],"5":[32,32,32]},"_coverageSchema":"1a1c01bbd47fc00a2c39e90264f33305004495a9","hash":"174386af0d584c118b610e85de7d2b1ca16d2ec5"}
,"/home/voti/Gendiff-CLI/src/index.js": {"path":"/home/voti/Gendiff-CLI/src/index.js","statementMap":{"0":{"start":{"line":7,"column":27},"end":{"line":13,"column":1}},"1":{"start":{"line":8,"column":23},"end":{"line":8,"column":85}},"2":{"start":{"line":9,"column":19},"end":{"line":9,"column":57}},"3":{"start":{"line":10,"column":21},"end":{"line":10,"column":52}},"4":{"start":{"line":11,"column":21},"end":{"line":11,"column":56}},"5":{"start":{"line":12,"column":2},"end":{"line":12,"column":20}},"6":{"start":{"line":15,"column":16},"end":{"line":22,"column":1}},"7":{"start":{"line":16,"column":20},"end":{"line":16,"column":49}},"8":{"start":{"line":17,"column":20},"end":{"line":17,"column":49}},"9":{"start":{"line":19,"column":18},"end":{"line":19,"column":48}},"10":{"start":{"line":21,"column":2},"end":{"line":21,"column":36}}},"fnMap":{"0":{"name":"(anonymous_0)","decl":{"start":{"line":7,"column":27},"end":{"line":7,"column":28}},"loc":{"start":{"line":7,"column":41},"end":{"line":13,"column":1}},"line":7},"1":{"name":"(anonymous_1)","decl":{"start":{"line":15,"column":16},"end":{"line":15,"column":17}},"loc":{"start":{"line":15,"column":62},"end":{"line":22,"column":1}},"line":15}},"branchMap":{"0":{"loc":{"start":{"line":15,"column":39},"end":{"line":15,"column":57}},"type":"default-arg","locations":[{"start":{"line":15,"column":48},"end":{"line":15,"column":57}}],"line":15}},"s":{"0":1,"1":12,"2":12,"3":12,"4":12,"5":12,"6":1,"7":6,"8":6,"9":6,"10":6},"f":{"0":12,"1":6},"b":{"0":[4]},"_coverageSchema":"1a1c01bbd47fc00a2c39e90264f33305004495a9","hash":"96c9d4477d1c0415b5ebf252636ebc92673baa0a"}
,"/home/voti/Gendiff-CLI/src/parser.js": {"path":"/home/voti/Gendiff-CLI/src/parser.js","statementMap":{"0":{"start":{"line":3,"column":22},"end":{"line":14,"column":1}},"1":{"start":{"line":4,"column":2},"end":{"line":13,"column":3}},"2":{"start":{"line":6,"column":6},"end":{"line":6,"column":30}},"3":{"start":{"line":8,"column":6},"end":{"line":8,"column":29}},"4":{"start":{"line":10,"column":6},"end":{"line":10,"column":29}},"5":{"start":{"line":12,"column":6},"end":{"line":12,"column":48}}},"fnMap":{"0":{"name":"(anonymous_0)","decl":{"start":{"line":3,"column":22},"end":{"line":3,"column":23}},"loc":{"start":{"line":3,"column":40},"end":{"line":14,"column":1}},"line":3}},"branchMap":{"0":{"loc":{"start":{"line":4,"column":2},"end":{"line":13,"column":3}},"type":"switch","locations":[{"start":{"line":5,"column":4},"end":{"line":6,"column":30}},{"start":{"line":7,"column":4},"end":{"line":8,"column":29}},{"start":{"line":9,"column":4},"end":{"line":10,"column":29}},{"start":{"line":11,"column":4},"end":{"line":12,"column":48}}],"line":4}},"s":{"0":1,"1":12,"2":6,"3":6,"4":0,"5":0},"f":{"0":12},"b":{"0":[6,6,0,0]},"_coverageSchema":"1a1c01bbd47fc00a2c39e90264f33305004495a9","hash":"f7496df06a92ace2293766d0a87255bdc1032e10"}
,"/home/voti/Gendiff-CLI/src/formaters/index.js": {"path":"/home/voti/Gendiff-CLI/src/formaters/index.js","statementMap":{"0":{"start":{"line":5,"column":18},"end":{"line":16,"column":1}},"1":{"start":{"line":6,"column":2},"end":{"line":15,"column":3}},"2":{"start":{"line":8,"column":6},"end":{"line":8,"column":26}},"3":{"start":{"line":10,"column":6},"end":{"line":10,"column":24}},"4":{"start":{"line":12,"column":6},"end":{"line":12,"column":23}},"5":{"start":{"line":14,"column":6},"end":{"line":14,"column":57}}},"fnMap":{"0":{"name":"(anonymous_0)","decl":{"start":{"line":5,"column":18},"end":{"line":5,"column":19}},"loc":{"start":{"line":5,"column":35},"end":{"line":16,"column":1}},"line":5}},"branchMap":{"0":{"loc":{"start":{"line":6,"column":2},"end":{"line":15,"column":3}},"type":"switch","locations":[{"start":{"line":7,"column":4},"end":{"line":8,"column":26}},{"start":{"line":9,"column":4},"end":{"line":10,"column":24}},{"start":{"line":11,"column":4},"end":{"line":12,"column":23}},{"start":{"line":13,"column":4},"end":{"line":14,"column":57}}],"line":6}},"s":{"0":1,"1":6,"2":4,"3":2,"4":0,"5":0},"f":{"0":6},"b":{"0":[4,2,0,0]},"_coverageSchema":"1a1c01bbd47fc00a2c39e90264f33305004495a9","hash":"ce0a4248afe958be9c7858582523792ab31a145b"}
,"/home/voti/Gendiff-CLI/src/formaters/json.js": {"path":"/home/voti/Gendiff-CLI/src/formaters/json.js","statementMap":{"0":{"start":{"line":1,"column":13},"end":{"line":1,"column":41}},"1":{"start":{"line":1,"column":22},"end":{"line":1,"column":41}}},"fnMap":{"0":{"name":"(anonymous_0)","decl":{"start":{"line":1,"column":13},"end":{"line":1,"column":14}},"loc":{"start":{"line":1,"column":22},"end":{"line":1,"column":41}},"line":1}},"branchMap":{},"s":{"0":1,"1":0},"f":{"0":0},"b":{},"_coverageSchema":"1a1c01bbd47fc00a2c39e90264f33305004495a9","hash":"2e7ea7c68836bf746282a66a3c9b3c2401e0b77c"}
,"/home/voti/Gendiff-CLI/src/formaters/plain.js": {"path":"/home/voti/Gendiff-CLI/src/formaters/plain.js","statementMap":{"0":{"start":{"line":4,"column":18},"end":{"line":9,"column":1}},"1":{"start":{"line":5,"column":2},"end":{"line":7,"column":3}},"2":{"start":{"line":6,"column":4},"end":{"line":6,"column":29}},"3":{"start":{"line":8,"column":2},"end":{"line":8,"column":55}},"4":{"start":{"line":11,"column":14},"end":{"line":38,"column":1}},"5":{"start":{"line":12,"column":15},"end":{"line":36,"column":3}},"6":{"start":{"line":13,"column":17},"end":{"line":34,"column":6}},"7":{"start":{"line":16,"column":10},"end":{"line":16,"column":14}},"8":{"start":{"line":18,"column":19},"end":{"line":18,"column":40}},"9":{"start":{"line":19,"column":26},"end":{"line":19,"column":40}},"10":{"start":{"line":20,"column":6},"end":{"line":33,"column":7}},"11":{"start":{"line":22,"column":10},"end":{"line":22,"column":62}},"12":{"start":{"line":24,"column":10},"end":{"line":24,"column":92}},"13":{"start":{"line":26,"column":10},"end":{"line":26,"column":112}},"14":{"start":{"line":28,"column":10},"end":{"line":28,"column":43}},"15":{"start":{"line":30,"column":10},"end":{"line":30,"column":20}},"16":{"start":{"line":32,"column":10},"end":{"line":32,"column":37}},"17":{"start":{"line":35,"column":4},"end":{"line":35,"column":27}},"18":{"start":{"line":37,"column":2},"end":{"line":37,"column":23}}},"fnMap":{"0":{"name":"(anonymous_0)","decl":{"start":{"line":4,"column":18},"end":{"line":4,"column":19}},"loc":{"start":{"line":4,"column":29},"end":{"line":9,"column":1}},"line":4},"1":{"name":"(anonymous_1)","decl":{"start":{"line":11,"column":14},"end":{"line":11,"column":15}},"loc":{"start":{"line":11,"column":23},"end":{"line":38,"column":1}},"line":11},"2":{"name":"(anonymous_2)","decl":{"start":{"line":12,"column":15},"end":{"line":12,"column":16}},"loc":{"start":{"line":12,"column":33},"end":{"line":36,"column":3}},"line":12},"3":{"name":"(anonymous_3)","decl":{"start":{"line":13,"column":30},"end":{"line":13,"column":31}},"loc":{"start":{"line":13,"column":40},"end":{"line":34,"column":5}},"line":13}},"branchMap":{"0":{"loc":{"start":{"line":5,"column":2},"end":{"line":7,"column":3}},"type":"if","locations":[{"start":{"line":5,"column":2},"end":{"line":7,"column":3}},{"start":{},"end":{}}],"line":5},"1":{"loc":{"start":{"line":8,"column":9},"end":{"line":8,"column":54}},"type":"cond-expr","locations":[{"start":{"line":8,"column":29},"end":{"line":8,"column":41}},{"start":{"line":8,"column":44},"end":{"line":8,"column":54}}],"line":8},"2":{"loc":{"start":{"line":20,"column":6},"end":{"line":33,"column":7}},"type":"switch","locations":[{"start":{"line":21,"column":8},"end":{"line":22,"column":62}},{"start":{"line":23,"column":8},"end":{"line":24,"column":92}},{"start":{"line":25,"column":8},"end":{"line":26,"column":112}},{"start":{"line":27,"column":8},"end":{"line":28,"column":43}},{"start":{"line":29,"column":8},"end":{"line":30,"column":20}},{"start":{"line":31,"column":8},"end":{"line":32,"column":37}}],"line":20}},"s":{"0":1,"1":26,"2":6,"3":20,"4":1,"5":2,"6":10,"7":36,"8":36,"9":36,"10":36,"11":4,"12":10,"13":8,"14":8,"15":6,"16":0,"17":10,"18":2},"f":{"0":26,"1":2,"2":10,"3":36},"b":{"0":[6,20],"1":[14,6],"2":[4,10,8,8,6,0]},"_coverageSchema":"1a1c01bbd47fc00a2c39e90264f33305004495a9","hash":"8440798904cf05a8c2c8b4ebb1f77953344db6b2"}
,"/home/voti/Gendiff-CLI/src/formaters/staylish.js": {"path":"/home/voti/Gendiff-CLI/src/formaters/staylish.js","statementMap":{"0":{"start":{"line":4,"column":19},"end":{"line":4,"column":20}},"1":{"start":{"line":5,"column":21},"end":{"line":5,"column":22}},"2":{"start":{"line":6,"column":17},"end":{"line":6,"column":20}},"3":{"start":{"line":8,"column":17},"end":{"line":20,"column":1}},"4":{"start":{"line":9,"column":2},"end":{"line":11,"column":3}},"5":{"start":{"line":10,"column":4},"end":{"line":10,"column":17}},"6":{"start":{"line":12,"column":21},"end":{"line":12,"column":39}},"7":{"start":{"line":13,"column":24},"end":{"line":13,"column":51}},"8":{"start":{"line":14,"column":24},"end":{"line":14,"column":64}},"9":{"start":{"line":16,"column":15},"end":{"line":17,"column":79}},"10":{"start":{"line":17,"column":25},"end":{"line":17,"column":78}},"11":{"start":{"line":19,"column":2},"end":{"line":19,"column":56}},"12":{"start":{"line":22,"column":16},"end":{"line":57,"column":1}},"13":{"start":{"line":23,"column":15},"end":{"line":55,"column":3}},"14":{"start":{"line":24,"column":23},"end":{"line":24,"column":41}},"15":{"start":{"line":25,"column":26},"end":{"line":25,"column":68}},"16":{"start":{"line":26,"column":26},"end":{"line":26,"column":66}},"17":{"start":{"line":28,"column":18},"end":{"line":53,"column":6}},"18":{"start":{"line":31,"column":10},"end":{"line":31,"column":14}},"19":{"start":{"line":33,"column":6},"end":{"line":51,"column":7}},"20":{"start":{"line":35,"column":10},"end":{"line":35,"column":75}},"21":{"start":{"line":38,"column":10},"end":{"line":38,"column":75}},"22":{"start":{"line":41,"column":10},"end":{"line":41,"column":74}},"23":{"start":{"line":44,"column":10},"end":{"line":47,"column":23}},"24":{"start":{"line":50,"column":10},"end":{"line":50,"column":75}},"25":{"start":{"line":52,"column":6},"end":{"line":52,"column":18}},"26":{"start":{"line":54,"column":4},"end":{"line":54,"column":59}},"27":{"start":{"line":56,"column":2},"end":{"line":56,"column":22}}},"fnMap":{"0":{"name":"(anonymous_0)","decl":{"start":{"line":8,"column":17},"end":{"line":8,"column":18}},"loc":{"start":{"line":8,"column":35},"end":{"line":20,"column":1}},"line":8},"1":{"name":"(anonymous_1)","decl":{"start":{"line":17,"column":9},"end":{"line":17,"column":10}},"loc":{"start":{"line":17,"column":25},"end":{"line":17,"column":78}},"line":17},"2":{"name":"(anonymous_2)","decl":{"start":{"line":22,"column":16},"end":{"line":22,"column":17}},"loc":{"start":{"line":22,"column":25},"end":{"line":57,"column":1}},"line":22},"3":{"name":"(anonymous_3)","decl":{"start":{"line":23,"column":15},"end":{"line":23,"column":16}},"loc":{"start":{"line":23,"column":32},"end":{"line":55,"column":3}},"line":23},"4":{"name":"(anonymous_4)","decl":{"start":{"line":28,"column":27},"end":{"line":28,"column":28}},"loc":{"start":{"line":28,"column":37},"end":{"line":53,"column":5}},"line":28}},"branchMap":{"0":{"loc":{"start":{"line":9,"column":2},"end":{"line":11,"column":3}},"type":"if","locations":[{"start":{"line":9,"column":2},"end":{"line":11,"column":3}},{"start":{},"end":{}}],"line":9},"1":{"loc":{"start":{"line":33,"column":6},"end":{"line":51,"column":7}},"type":"switch","locations":[{"start":{"line":34,"column":8},"end":{"line":35,"column":75}},{"start":{"line":37,"column":8},"end":{"line":38,"column":75}},{"start":{"line":40,"column":8},"end":{"line":41,"column":74}},{"start":{"line":43,"column":8},"end":{"line":47,"column":23}},{"start":{"line":49,"column":8},"end":{"line":50,"column":75}}],"line":33}},"s":{"0":1,"1":1,"2":1,"3":1,"4":66,"5":52,"6":14,"7":14,"8":14,"9":14,"10":18,"11":14,"12":1,"13":4,"14":12,"15":12,"16":12,"17":12,"18":46,"19":46,"20":8,"21":12,"22":8,"23":10,"24":8,"25":0,"26":12,"27":4},"f":{"0":66,"1":18,"2":4,"3":12,"4":46},"b":{"0":[52,14],"1":[8,12,8,10,8]},"_coverageSchema":"1a1c01bbd47fc00a2c39e90264f33305004495a9","hash":"ecbd774ae35f11cbda619c1ffb1dac90dc999e21"}
}
