TN:
SF:src/getAst.js
FN:3,(anonymous_0)
FN:7,(anonymous_1)
FNF:2
FNH:2
FNDA:22,(anonymous_0)
FNDA:82,(anonymous_1)
DA:3,1
DA:4,22
DA:5,22
DA:7,22
DA:8,82
DA:9,82
DA:11,82
DA:12,12
DA:15,70
DA:16,22
DA:19,48
DA:20,16
DA:23,32
DA:24,18
DA:28,14
DA:30,22
LF:16
LH:16
BRDA:11,0,0,12
BRDA:11,0,1,70
BRDA:15,1,0,22
BRDA:15,1,1,48
BRDA:19,2,0,16
BRDA:19,2,1,32
BRDA:19,3,0,48
BRDA:19,3,1,20
BRDA:23,4,0,18
BRDA:23,4,1,14
BRDA:23,5,0,32
BRDA:23,5,1,32
BRDA:23,5,2,32
BRF:13
BRH:13
end_of_record
TN:
SF:src/index.js
FN:7,(anonymous_0)
FN:15,(anonymous_1)
FNF:2
FNH:2
FNDA:12,(anonymous_0)
FNDA:6,(anonymous_1)
DA:7,1
DA:8,12
DA:9,12
DA:10,12
DA:11,12
DA:12,12
DA:15,1
DA:16,6
DA:17,6
DA:19,6
DA:21,6
LF:11
LH:11
BRDA:15,0,0,4
BRF:1
BRH:1
end_of_record
TN:
SF:src/parser.js
FN:3,(anonymous_0)
FNF:1
FNH:1
FNDA:12,(anonymous_0)
DA:3,1
DA:4,12
DA:6,6
DA:8,6
DA:10,0
DA:12,0
LF:6
LH:4
BRDA:4,0,0,6
BRDA:4,0,1,6
BRDA:4,0,2,0
BRDA:4,0,3,0
BRF:4
BRH:2
end_of_record
TN:
SF:src/formaters/index.js
FN:5,(anonymous_0)
FNF:1
FNH:1
FNDA:6,(anonymous_0)
DA:5,1
DA:6,6
DA:8,4
DA:10,2
DA:12,0
DA:14,0
LF:6
LH:4
BRDA:6,0,0,4
BRDA:6,0,1,2
BRDA:6,0,2,0
BRDA:6,0,3,0
BRF:4
BRH:2
end_of_record
TN:
SF:src/formaters/json.js
FN:1,(anonymous_0)
FNF:1
FNH:0
FNDA:0,(anonymous_0)
DA:1,1
LF:1
LH:1
BRF:0
BRH:0
end_of_record
TN:
SF:src/formaters/plain.js
FN:4,(anonymous_0)
FN:11,(anonymous_1)
FN:12,(anonymous_2)
FN:13,(anonymous_3)
FNF:4
FNH:4
FNDA:26,(anonymous_0)
FNDA:2,(anonymous_1)
FNDA:10,(anonymous_2)
FNDA:36,(anonymous_3)
DA:4,1
DA:5,26
DA:6,6
DA:8,20
DA:11,1
DA:12,2
DA:13,10
DA:16,36
DA:18,36
DA:19,36
DA:20,36
DA:22,4
DA:24,10
DA:26,8
DA:28,8
DA:30,6
DA:32,0
DA:35,10
DA:37,2
LF:19
LH:18
BRDA:5,0,0,6
BRDA:5,0,1,20
BRDA:8,1,0,14
BRDA:8,1,1,6
BRDA:20,2,0,4
BRDA:20,2,1,10
BRDA:20,2,2,8
BRDA:20,2,3,8
BRDA:20,2,4,6
BRDA:20,2,5,0
BRF:10
BRH:9
end_of_record
TN:
SF:src/formaters/staylish.js
FN:8,(anonymous_0)
FN:17,(anonymous_1)
FN:22,(anonymous_2)
FN:23,(anonymous_3)
FN:28,(anonymous_4)
FNF:5
FNH:5
FNDA:66,(anonymous_0)
FNDA:18,(anonymous_1)
FNDA:4,(anonymous_2)
FNDA:12,(anonymous_3)
FNDA:46,(anonymous_4)
DA:4,1
DA:5,1
DA:6,1
DA:8,1
DA:9,66
DA:10,52
DA:12,14
DA:13,14
DA:14,14
DA:16,14
DA:17,18
DA:19,14
DA:22,1
DA:23,4
DA:24,12
DA:25,12
DA:26,12
DA:28,12
DA:31,46
DA:33,46
DA:35,8
DA:38,12
DA:41,8
DA:44,10
DA:50,8
DA:52,0
DA:54,12
DA:56,4
LF:28
LH:27
BRDA:9,0,0,52
BRDA:9,0,1,14
BRDA:33,1,0,8
BRDA:33,1,1,12
BRDA:33,1,2,8
BRDA:33,1,3,10
BRDA:33,1,4,8
BRF:7
BRH:7
end_of_record
